0 0 32020016 16 0
5050000 0 16814064 16 0
6240000 0 42387552 16 0
11060000 0 25872944 16 0
12760000 0 121286448 16 0
20150000 0 72382240 16 1
28920000 0 51178080 16 0
32370000 0 65747328 16 1
38010000 0 122653824 32 2
39410000 0 39945520 16 1
50510000 0 40481072 16 0
53830000 0 17572496 16 1
59730000 0 122622160 16 1
60630000 0 27051872 16 2
78750000 0 40989360 32 0
79350000 0 94704096 16 2
83340000 0 35810912 16 2
91350000 0 57412320 16 0
110030000 0 13336608 16 2
114550000 0 122867360 16 0