0 0 32020016 16 0
5000000 0 16814064 16 0
6240000 0 42387552 16 0
11060000 0 25872944 16 0
12760000 0 121286448 16 0
20150000 0 72382240 16 1
28920000 0 51178080 16 0
32370000 0 65747328 16 1
38010000 0 122653824 32 0
39410000 0 39945520 16 1
50510000 0 40481072 16 0
53830000 0 17572496 16 1
59730000 0 122622160 16 1
60630000 0 27051872 16 0
78750000 0 40989360 32 0
79350000 0 94704096 16 0
83340000 0 35810912 16 0
91350000 0 57412320 16 0
110030000 0 13336608 16 0
114550000 0 122867360 16 0
118000000 0 52838464 16 2
122500000 0 49865728 16 1
126000000 0 21766176 16 0
130500000 0 10605568 16 1
135000000 0 30058496 16 2
139500000 0 34572224 16 0
144000000 0 30896128 16 1
148500000 0 45364928 16 0
153000000 0 41494528 16 1
157500000 0 10329024 16 0
162000000 0 33112064 16 2
166500000 0 26809312 16 1
171000000 0 16987968 16 0
175500000 0 42181376 16 1
180000000 0 34591232 16 2
184500000 0 18763776 16 0
189000000 0 43817088 16 1
193500000 0 50352128 16 2
198000000 0 47882240 16 0
202500000 0 39194624 16 1